The default interactive shell is now zsh.
To update your account to use zsh, please run `chsh -s /bin/zsh`.
For more details, please visit https://support.apple.com/kb/HT208050.
Shashis-MacBook-Pro:python3 shashi$ source /Users/shashi/Documents/Project/python3/.venv/bin/activate
(.venv) Shashis-MacBook-Pro:python3 shashi$ /Users/shashi/Documents/Project/python3/.venv/bin/python /Users/shashi/Documents/Project/python3/Interview_questions/readLogFile.py
Traceback (most recent call last):
  File "/Users/shashi/Documents/Project/python3/Interview_questions/readLogFile.py", line 3, in <module>
    with open("app.log") as f:
         ~~~~^^^^^^^^^^^
FileNotFoundError: [Errno 2] No such file or directory: 'app.log'
(.venv) Shashis-MacBook-Pro:python3 shashi$ 

The default interactive shell is now zsh.
To update your account to use zsh, please run `chsh -s /bin/zsh`.
For more details, please visit https://support.apple.com/kb/HT208050.
Shashis-MacBook-Pro:python3 shashi$ source /Users/shashi/Documents/Project/python3/.venv/bin/activate
(.venv) Shashis-MacBook-Pro:python3 shashi$ /Users/shashi/Documents/Project/python3/.venv/bin/python /Users/shashi/Documents/Project/python3/Interview_questions/readLogFile.py
Traceback (most recent call last):
  File "/Users/shashi/Documents/Project/python3/Interview_questions/readLogFile.py", line 3, in <module>
    with open("app.log") as f:
         ~~~~^^^^^^^^^^^
FileNotFoundError: [Errno 2] No such file or directory: 'app.log'
(.venv) Shashis-MacBook-Pro:python3 shashi$ 

The default interactive shell is now zsh.
To update your account to use zsh, please run `chsh -s /bin/zsh`.
For more details, please visit https://support.apple.com/kb/HT208050.
Shashis-MacBook-Pro:python3 shashi$ source /Users/shashi/Documents/Project/python3/.venv/bin/activate
(.venv) Shashis-MacBook-Pro:python3 shashi$ /Users/shashi/Documents/Project/python3/.venv/bin/python /Users/shashi/Documents/Project/python3/Interview_questions/readLogFile.py
Traceback (most recent call last):
  File "/Users/shashi/Documents/Project/python3/Interview_questions/readLogFile.py", line 3, in <module>
    with open("app.log") as f:
         ~~~~^^^^^^^^^^^
FileNotFoundError: [Errno 2] No such file or directory: 'app.log'
(.venv) Shashis-MacBook-Pro:python3 shashi$ 

The default interactive shell is now zsh.
To update your account to use zsh, please run `chsh -s /bin/zsh`.
For more details, please visit https://support.apple.com/kb/HT208050.
Shashis-MacBook-Pro:python3 shashi$ source /Users/shashi/Documents/Project/python3/.venv/bin/activate
(.venv) Shashis-MacBook-Pro:python3 shashi$ /Users/shashi/Documents/Project/python3/.venv/bin/python /Users/shashi/Documents/Project/python3/Interview_questions/readLogFile.py
Traceback (most recent call last):
  File "/Users/shashi/Documents/Project/python3/Interview_questions/readLogFile.py", line 3, in <module>
    with open("app.log") as f:
         ~~~~^^^^^^^^^^^
FileNotFoundError: [Errno 2] No such file or directory: 'app.log'
(.venv) Shashis-MacBook-Pro:python3 shashi$ 

The default interactive shell is now zsh.
To update your account to use zsh, please run `chsh -s /bin/zsh`.
For more details, please visit https://support.apple.com/kb/HT208050.
Shashis-MacBook-Pro:python3 shashi$ source /Users/shashi/Documents/Project/python3/.venv/bin/activate
(.venv) Shashis-MacBook-Pro:python3 shashi$ /Users/shashi/Documents/Project/python3/.venv/bin/python /Users/shashi/Documents/Project/python3/Interview_questions/readLogFile.py
Traceback (most recent call last):
  File "/Users/shashi/Documents/Project/python3/Interview_questions/readLogFile.py", line 3, in <module>
    with open("app.log") as f:
         ~~~~^^^^^^^^^^^
FileNotFoundError: [Errno 2] No such file or directory: 'app.log'
(.venv) Shashis-MacBook-Pro:python3 shashi$ 

The default interactive shell is now zsh.
To update your account to use zsh, please run `chsh -s /bin/zsh`.
For more details, please visit https://support.apple.com/kb/HT208050.
Shashis-MacBook-Pro:python3 shashi$ source /Users/shashi/Documents/Project/python3/.venv/bin/activate
(.venv) Shashis-MacBook-Pro:python3 shashi$ /Users/shashi/Documents/Project/python3/.venv/bin/python /Users/shashi/Documents/Project/python3/Interview_questions/readLogFile.py
Traceback (most recent call last):
  File "/Users/shashi/Documents/Project/python3/Interview_questions/readLogFile.py", line 3, in <module>
    with open("app.log") as f:
         ~~~~^^^^^^^^^^^
FileNotFoundError: [Errno 2] No such file or directory: 'app.log'
(.venv) Shashis-MacBook-Pro:python3 shashi$ 

The default interactive shell is now zsh.
To update your account to use zsh, please run `chsh -s /bin/zsh`.
For more details, please visit https://support.apple.com/kb/HT208050.
Shashis-MacBook-Pro:python3 shashi$ source /Users/shashi/Documents/Project/python3/.venv/bin/activate
(.venv) Shashis-MacBook-Pro:python3 shashi$ /Users/shashi/Documents/Project/python3/.venv/bin/python /Users/shashi/Documents/Project/python3/Interview_questions/readLogFile.py
Traceback (most recent call last):
  File "/Users/shashi/Documents/Project/python3/Interview_questions/readLogFile.py", line 3, in <module>
    with open("app.log") as f:
         ~~~~^^^^^^^^^^^
FileNotFoundError: [Errno 2] No such file or directory: 'app.log'
(.venv) Shashis-MacBook-Pro:python3 shashi$ 

The default interactive shell is now zsh.
To update your account to use zsh, please run `chsh -s /bin/zsh`.
For more details, please visit https://support.apple.com/kb/HT208050.
Shashis-MacBook-Pro:python3 shashi$ source /Users/shashi/Documents/Project/python3/.venv/bin/activate
(.venv) Shashis-MacBook-Pro:python3 shashi$ /Users/shashi/Documents/Project/python3/.venv/bin/python /Users/shashi/Documents/Project/python3/Interview_questions/readLogFile.py
Traceback (most recent call last):
  File "/Users/shashi/Documents/Project/python3/Interview_questions/readLogFile.py", line 3, in <module>
    with open("app.log") as f:
         ~~~~^^^^^^^^^^^
FileNotFoundError: [Errno 2] No such file or directory: 'app.log'
(.venv) Shashis-MacBook-Pro:python3 shashi$ 

The default interactive shell is now zsh.
To update your account to use zsh, please run `chsh -s /bin/zsh`.
For more details, please visit https://support.apple.com/kb/HT208050.
Shashis-MacBook-Pro:python3 shashi$ source /Users/shashi/Documents/Project/python3/.venv/bin/activate
(.venv) Shashis-MacBook-Pro:python3 shashi$ /Users/shashi/Documents/Project/python3/.venv/bin/python /Users/shashi/Documents/Project/python3/Interview_questions/readLogFile.py
Traceback (most recent call last):
  File "/Users/shashi/Documents/Project/python3/Interview_questions/readLogFile.py", line 3, in <module>
    with open("app.log") as f:
         ~~~~^^^^^^^^^^^
FileNotFoundError: [Errno 2] No such file or directory: 'app.log'
(.venv) Shashis-MacBook-Pro:python3 shashi$ 

The default interactive shell is now zsh.
To update your account to use zsh, please run `chsh -s /bin/zsh`.
For more details, please visit https://support.apple.com/kb/HT208050.
Shashis-MacBook-Pro:python3 shashi$ source /Users/shashi/Documents/Project/python3/.venv/bin/activate
(.venv) Shashis-MacBook-Pro:python3 shashi$ /Users/shashi/Documents/Project/python3/.venv/bin/python /Users/shashi/Documents/Project/python3/Interview_questions/readLogFile.py
Traceback (most recent call last):
  File "/Users/shashi/Documents/Project/python3/Interview_questions/readLogFile.py", line 3, in <module>
    with open("app.log") as f:
         ~~~~^^^^^^^^^^^
FileNotFoundError: [Errno 2] No such file or directory: 'app.log'
(.venv) Shashis-MacBook-Pro:python3 shashi$ 

The default interactive shell is now zsh.
To update your account to use zsh, please run `chsh -s /bin/zsh`.
For more details, please visit https://support.apple.com/kb/HT208050.
Shashis-MacBook-Pro:python3 shashi$ source /Users/shashi/Documents/Project/python3/.venv/bin/activate
(.venv) Shashis-MacBook-Pro:python3 shashi$ /Users/shashi/Documents/Project/python3/.venv/bin/python /Users/shashi/Documents/Project/python3/Interview_questions/readLogFile.py
Traceback (most recent call last):
  File "/Users/shashi/Documents/Project/python3/Interview_questions/readLogFile.py", line 3, in <module>
    with open("app.log") as f:
         ~~~~^^^^^^^^^^^
FileNotFoundError: [Errno 2] No such file or directory: 'app.log'
(.venv) Shashis-MacBook-Pro:python3 shashi$ 

The default interactive shell is now zsh.
To update your account to use zsh, please run `chsh -s /bin/zsh`.
For more details, please visit https://support.apple.com/kb/HT208050.
Shashis-MacBook-Pro:python3 shashi$ source /Users/shashi/Documents/Project/python3/.venv/bin/activate
(.venv) Shashis-MacBook-Pro:python3 shashi$ /Users/shashi/Documents/Project/python3/.venv/bin/python /Users/shashi/Documents/Project/python3/Interview_questions/readLogFile.py
Traceback (most recent call last):
  File "/Users/shashi/Documents/Project/python3/Interview_questions/readLogFile.py", line 3, in <module>
    with open("app.log") as f:
         ~~~~^^^^^^^^^^^
FileNotFoundError: [Errno 2] No such file or directory: 'app.log'
(.venv) Shashis-MacBook-Pro:python3 shashi$ 

The default interactive shell is now zsh.
To update your account to use zsh, please run `chsh -s /bin/zsh`.
For more details, please visit https://support.apple.com/kb/HT208050.
Shashis-MacBook-Pro:python3 shashi$ source /Users/shashi/Documents/Project/python3/.venv/bin/activate
(.venv) Shashis-MacBook-Pro:python3 shashi$ /Users/shashi/Documents/Project/python3/.venv/bin/python /Users/shashi/Documents/Project/python3/Interview_questions/readLogFile.py
Traceback (most recent call last):
  File "/Users/shashi/Documents/Project/python3/Interview_questions/readLogFile.py", line 3, in <module>
    with open("app.log") as f:
         ~~~~^^^^^^^^^^^
FileNotFoundError: [Errno 2] No such file or directory: 'app.log'
(.venv) Shashis-MacBook-Pro:python3 shashi$ 

The default interactive shell is now zsh.
To update your account to use zsh, please run `chsh -s /bin/zsh`.
For more details, please visit https://support.apple.com/kb/HT208050.
Shashis-MacBook-Pro:python3 shashi$ source /Users/shashi/Documents/Project/python3/.venv/bin/activate
(.venv) Shashis-MacBook-Pro:python3 shashi$ /Users/shashi/Documents/Project/python3/.venv/bin/python /Users/shashi/Documents/Project/python3/Interview_questions/readLogFile.py
Traceback (most recent call last):
  File "/Users/shashi/Documents/Project/python3/Interview_questions/readLogFile.py", line 3, in <module>
    with open("app.log") as f:
         ~~~~^^^^^^^^^^^
FileNotFoundError: [Errno 2] No such file or directory: 'app.log'
(.venv) Shashis-MacBook-Pro:python3 shashi$ 

The default interactive shell is now zsh.
To update your account to use zsh, please run `chsh -s /bin/zsh`.
For more details, please visit https://support.apple.com/kb/HT208050.
Shashis-MacBook-Pro:python3 shashi$ source /Users/shashi/Documents/Project/python3/.venv/bin/activate
(.venv) Shashis-MacBook-Pro:python3 shashi$ /Users/shashi/Documents/Project/python3/.venv/bin/python /Users/shashi/Documents/Project/python3/Interview_questions/readLogFile.py
Traceback (most recent call last):
  File "/Users/shashi/Documents/Project/python3/Interview_questions/readLogFile.py", line 3, in <module>
    with open("app.log") as f:
         ~~~~^^^^^^^^^^^
FileNotFoundError: [Errno 2] No such file or directory: 'app.log'
(.venv) Shashis-MacBook-Pro:python3 shashi$ 

The default interactive shell is now zsh.
To update your account to use zsh, please run `chsh -s /bin/zsh`.
For more details, please visit https://support.apple.com/kb/HT208050.
Shashis-MacBook-Pro:python3 shashi$ source /Users/shashi/Documents/Project/python3/.venv/bin/activate
(.venv) Shashis-MacBook-Pro:python3 shashi$ /Users/shashi/Documents/Project/python3/.venv/bin/python /Users/shashi/Documents/Project/python3/Interview_questions/readLogFile.py
Traceback (most recent call last):
  File "/Users/shashi/Documents/Project/python3/Interview_questions/readLogFile.py", line 3, in <module>
    with open("app.log") as f:
         ~~~~^^^^^^^^^^^
FileNotFoundError: [Errno 2] No such file or directory: 'app.log'
(.venv) Shashis-MacBook-Pro:python3 shashi$ 

10.0.9.1


10.0.9.1
10.0.9.110.0.9.1
